[debug] [2022-11-22T19:58:57.832Z] ----------------------------------------------------------------------
[debug] [2022-11-22T19:58:57.834Z] Command:       /usr/local/bin/node /usr/local/bin/firebase init hosting:github
[debug] [2022-11-22T19:58:57.835Z] CLI Version:   11.16.1
[debug] [2022-11-22T19:58:57.835Z] Platform:      darwin
[debug] [2022-11-22T19:58:57.835Z] Node Version:  v16.18.0
[debug] [2022-11-22T19:58:57.836Z] Time:          Tue Nov 22 2022 14:58:57 GMT-0500 (Eastern Standard Time)
[debug] [2022-11-22T19:58:57.836Z] ----------------------------------------------------------------------
[debug] 
[debug] [2022-11-22T19:58:57.919Z] > command requires scopes: ["email","openid","https://www.googleapis.com/auth/cloudplatformprojects.readonly","https://www.googleapis.com/auth/firebase","https://www.googleapis.com/auth/cloud-platform"]
[debug] [2022-11-22T19:58:57.920Z] > authorizing via signed-in user (joshdehaan2@gmail.com)
[info] 
     ######## #### ########  ######## ########     ###     ######  ########
     ##        ##  ##     ## ##       ##     ##  ##   ##  ##       ##
     ######    ##  ########  ######   ########  #########  ######  ######
     ##        ##  ##    ##  ##       ##     ## ##     ##       ## ##
     ##       #### ##     ## ######## ########  ##     ##  ######  ########

You're about to initialize a Firebase project in this directory:

  /Users/joshdehaan/Desktop/personal/unit-9-db/03-shoutouts/frontend

Before we get started, keep in mind:

  * You are initializing within an existing Firebase project directory

[info] 
=== Project Setup
[info] 
[info] First, let's associate this project directory with a Firebase project.
[info] You can create multiple project aliases by running firebase use --add, 
[info] but for now we'll just set up a default project.
[info] 
[debug] [2022-11-22T19:58:57.926Z] Using project from CLI flag: shoutouts-55694
[debug] [2022-11-22T19:58:57.928Z] >>> [apiv2][query] GET https://firebase.googleapis.com/v1beta1/projects/shoutouts-55694 [none]
[debug] [2022-11-22T19:58:58.256Z] <<< [apiv2][status] GET https://firebase.googleapis.com/v1beta1/projects/shoutouts-55694 200
[debug] [2022-11-22T19:58:58.256Z] <<< [apiv2][body] GET https://firebase.googleapis.com/v1beta1/projects/shoutouts-55694 {"projectId":"shoutouts-55694","projectNumber":"947222115673","displayName":"shoutouts","name":"projects/shoutouts-55694","resources":{"hostingSite":"shoutouts-55694","storageBucket":"shoutouts-55694.appspot.com","locationId":"us-central"},"state":"ACTIVE","etag":"1_90eb6150-a7e2-46b8-a0fd-91e516f4c32f"}
[info] i  Using project shoutouts-55694 (shoutouts) 
[info] 
=== Hosting:github Setup
[info] 
[info] i  Didn't detect a .git folder. Assuming /Users/joshdehaan/Desktop/personal/unit-9-db/03-shoutouts/frontend is the project root. 
[info] i  Authorizing with GitHub to upload your service account to a GitHub repository's secrets store. 
[info] 
[info] Visit this URL on this device to log in:
[info] https://github.com/login/oauth/authorize?client_id=89cf50f02ac6aaed3484&state=845763106&redirect_uri=http%3A%2F%2Flocalhost%3A9005&scope=read%3Auser%20repo%20public_repo
[info] 
[info] Waiting for authentication...
[debug] [2022-11-22T19:59:17.778Z] >>> [apiv2][query] POST https://github.com/login/oauth/access_token [none]
[debug] [2022-11-22T19:59:17.778Z] >>> [apiv2][body] POST https://github.com/login/oauth/access_token [stream]
[debug] [2022-11-22T19:59:18.086Z] <<< [apiv2][status] POST https://github.com/login/oauth/access_token 200
[debug] [2022-11-22T19:59:18.086Z] <<< [apiv2][body] POST https://github.com/login/oauth/access_token {"access_token":"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","token_type":"bearer","scope":"read:user,repo"}
[debug] [2022-11-22T19:59:18.093Z] >>> [apiv2][query] GET https://api.github.com/user [none]
[debug] [2022-11-22T19:59:18.397Z] <<< [apiv2][status] GET https://api.github.com/user 200
[debug] [2022-11-22T19:59:18.397Z] <<< [apiv2][body] GET https://api.github.com/user {"login":"SunBruh","id":95720763,"node_id":"U_kgDOBbSVOw","avatar_url":"https://avatars.githubusercontent.com/u/95720763?v=4","gravatar_id":"","url":"https://api.github.com/users/SunBruh","html_url":"https://github.com/SunBruh","followers_url":"https://api.github.com/users/SunBruh/followers","following_url":"https://api.github.com/users/SunBruh/following{/other_user}","gists_url":"https://api.github.com/users/SunBruh/gists{/gist_id}","starred_url":"https://api.github.com/users/SunBruh/starred{/owner}{/repo}","subscriptions_url":"https://api.github.com/users/SunBruh/subscriptions","organizations_url":"https://api.github.com/users/SunBruh/orgs","repos_url":"https://api.github.com/users/SunBruh/repos","events_url":"https://api.github.com/users/SunBruh/events{/privacy}","received_events_url":"https://api.github.com/users/SunBruh/received_events","type":"User","site_admin":false,"name":null,"company":null,"blog":"","location":null,"email":null,"hireable":null,"bio":null,"twitter_username":null,"public_repos":16,"public_gists":0,"followers":0,"following":0,"created_at":"2021-12-07T21:32:38Z","updated_at":"2022-11-21T14:15:45Z","private_gists":0,"total_private_repos":0,"owned_private_repos":0,"disk_usage":28614,"collaborators":0,"two_factor_authentication":false,"plan":{"name":"free","space":976562499,"collaborators":0,"private_repos":10000}}
[info] 
[info] ✔  Success! Logged into GitHub as SunBruh 
[info] 
